genes: None  chrom: pamless_test.txt  rs: None
Traceback (most recent call last):
  File "BEguider.py", line 209, in <module>
    main(BaseEditor=BaseEditor, parse=parse)
  File "BEguider.py", line 128, in main
    inp, tags = get_genomic_seq(pam, chrom, tempdir)
  File "./Util/Utilities.py", line 151, in get_genomic_seq
    site = int(info[1])
ValueError: invalid literal for int() with base 10: 'TGCCCTTTTAAACTTACCACAAAA'
2022-05-11 16:42:03.699751: W tensorflow/stream_executor/platform/default/dso_loader.cc:64] Could not load dynamic library 'libcuda.so.1'; dlerror: libcuda.so.1: cannot open shared object file: No such file or directory
2022-05-11 16:42:03.699829: W tensorflow/stream_executor/cuda/cuda_driver.cc:269] failed call to cuInit: UNKNOWN ERROR (303)
2022-05-11 16:42:03.699891: I tensorflow/stream_executor/cuda/cuda_diagnostics.cc:156] kernel driver does not appear to be running on this host (localhost.localdomain): /proc/driver/nvidia/version does not exist
2022-05-11 16:42:03.708505: I tensorflow/core/platform/cpu_feature_guard.cc:142] This TensorFlow binary is optimized with oneAPI Deep Neural Network Library (oneDNN) to use the following CPU instructions in performance-critical operations:  SSE4.1 SSE4.2 AVX AVX2 FMA
To enable them in other operations, rebuild TensorFlow with the appropriate compiler flags.
2022-05-11 16:42:06.498798: I tensorflow/compiler/mlir/mlir_graph_optimization_pass.cc:185] None of the MLIR Optimization Passes are enabled (registered 2)
/home/gjj/software/anaconda3/envs/tf2/lib/python3.8/site-packages/pandas/core/indexing.py:1732: SettingWithCopyWarning: 
A value is trying to be set on a copy of a slice from a DataFrame

See the caveats in the documentation: https://pandas.pydata.org/pandas-docs/stable/user_guide/indexing.html#returning-a-view-versus-a-copy
  self._setitem_single_block(indexer, value, name)
genes: pamless_test.txt  chrom: None  rs: None

